
ROM used:   4773/8192 (58%)
            5741/8192 (70%) including unused fragments

            1.3 Average locations per line
            6.2 Average locations per statement

RAM used:   77/368 (21%) at main() level
            135/368 (37%) worst case

Stack used: 1 worst case (0 in main + 1 for interrupts)
Stack size: 8

Lines Stmts  %   Files
----- ----- ---  -----
  501   339  44  main.c
  661     0   0  ..\..\..\..\..\..\..\Program Files (x86)\PICC\Devices\16F877A.h
  249    88  11  add_lcd.h
 2229   257  33  ..\..\..\..\..\..\..\Program Files (x86)\PICC\Drivers\math.h
   72    43   6  ds18b20.h
   62    41   5  dht11.h
----- -----
 3774   768 Total

Page ROM  %  RAM   Vol Diff  Functions:
---- --- --- ---   --- ----  ----------
0     31   1    4             @SFTOI
0     29   1    2             @ITOF
0    119   2   13             @MULFF
1    204   4   14             @DIVFF
1     39   1    2             @SITOF
0     20   0    1             @delay_ms1
0      8   0    0             @const777
0     58   1    2   594  4.3  lcd_init
 Inline         3   620  3.8  lcd_read_byte
0     51   1    2   204  3.2  lcd_read_nibble
0     87   2    3   313  3.4  lcd_send_byte
0     50   1    1   336  1.9  lcd_send_nibble
0     35   1    4   335  5.5  lcd_gotoxy
0     36   1    1   275  3.9  lcd_putc
 Inline         1             @delay_ms2
0     17   0    1             @delay_us2
0     38   1    1   179  2.7  ds18b20_start
 Inline         1   154  1.8  ds18b20_write_bit
1     51   1    3   120  3.7  ds18b20_write_byte
 Inline         1   183  2.3  ds18b20_read_bit
1     47   1    2   166  4.4  ds18b20_read_byte
1     92   2    8   333  5.5  ds18b20_read
1     41   1    0   106  1.3  start_signal
1     32   1    0   127  2.5  check_response
1     83   2    4   705  7.7  Read_Data
0     20   0    1             @delay_ms3
0    191   4    0  1062  3.9  kesme
0    216   5    0   477  3.7  timer0_kesmesi
0      9   0    0             @const844
0    110   2    5             @PSTRINGCN7_9600_62_63
0     23   0    3             @DIV88
0    103   2    6             @PRINTF_D_9600_62_63
0      8   0    0             @const853
0    104   2    4             @PSTRINGC7_9600_62_63
0      8   0    0             @const855
0      7   0    0             @const856
0     33   1    5             @FTOSD
0     81   2   13             @DIV3232
0    223   5   13             @PRINTF_L32D_9600_62_63FPFPF
0      9   0    0             @const865
0      8   0    0             @const866
0      8   0    0             @const867
0      7   0    0             @const868
0      9   0    0             @const869
0      9   0    0             @const870
0      8   0    0             @const871
2   1645  34    4 13553 10.9  MAIN
0      9   0    0             @const875
0     75   2    4             @PSTRINGC7_775
0      9   0    0             @const877
0      6   0    0             @const879
0      8   0    0             @const881
0      8   0    0             @const884
0      5   0    0             @const886
0      5   0    0             @const887
0      4   0    0             @const889
0      8   0    0             @const890
0      6   0    0             @const891
0      8   0    0             @const892
0      9   0    0             @const893
0      1   0    0             @const894
1    116   2    6             @PRINTF_D_775
0      6   0    0             @const899
0      2   0    0             @const900
0      8   0    0             @const902
1     88   2    5             @PSTRINGCN7_775
1    271   6   13             @PRINTF_L32D_775FPFPF
0      5   0    0             @const908
1     24   1    2             @PSTRINGR_775
0      8   0    0             @const910
0      9   0    0             @const911
0     12   0    0             @const912
 Inline         0             @cinit1

Program metrics:
    Functions               19
    Statements              768
    Comments                601
    Volume (V)              27183
    Difficulty (D)          75.4
    Effort to implement (E) 2049573
    Time to implement (T)   31 hours, 38 minutes
    Est Delivered Bugs (B)  5
    Cyclomatic Complexity   112
    Maintainability (MI)    105

 Segment     Used  Free
-----------  ----  ----
00000-00003     4  0  
00004-00037    52  0  
00038-007FF  1984  8  
00800-00FFF  1088  960  
01000-017FF  1645  403  
01800-01FFF     0  2048  



